00:35:54 **** Incremental Build of configuration Router for project JN-AN-1229-ZPS-Application-Template ****
make TRACE=1 JENNIC_CHIP=JN5169 JENNIC_CHIP_FAMILY=JN516x all 
Building trace version ...
Building numbered PDM IDs version ...
JENNIC_MAC is Mini MAC shim 
JENNIC_MAC_PLATFORM is SOC
Building trace version ...
Compiling ../../AN1229_ZBP_Router/Source/app_router.c ...
/c/NXP/bstudio_nxp/sdk/Tools/ba-elf-ba2-r36379/bin/ba-elf-gcc -c -o app_router.o -DDBG_ENABLE -DDEBUG_APP=1 -DDEBUG_PDM=1 -DDEBUG_EXCEPTION=1 -DPDM_USER_SUPPLIED_ID -DJN516x=5160 -DJN5169=5169 -DJENNIC_CHIP_NAME=_JN5169 -DJENNIC_CHIP_FAMILY_NAME=_JN516x -march=ba2 -mcpu=jn51xx -mredzone-size=4 -mbranch-cost=3 -fomit-frame-pointer -Os -fshort-enums -Wall  -Wpacked -Wcast-align -fdata-sections -ffunction-sections -flto  -DWATCHDOG_ENABLED -DJENNIC_HW_BBC_RXINCCA=1 -DJENNIC_HW_BBC_DMA=1 -DJENNIC_HW_BBC_ISA=0 -DJENNIC_SW_EXTERNAL_FLASH=0 -DJN516X_DMA_UART_BACKWARDS_COMPATIBLE_API=1 -DUART_BACKWARDS_COMPATIBLE_API=1 -DRXPOWERADJUST_SUPPORT -DJENNIC_CHIP=JN5169 -DJENNIC_CHIP_JN5169 -DJENNIC_CHIP_FAMILY=JN516x -DJENNIC_CHIP_FAMILY_JN516x -DJENNIC_STACK_ZBPro -DJENNIC_MAC_MiniMacShim -Wall -Wunreachable-code -DEMBEDDED -I../../../../sdk/JN-SW-4170/Platform/Common/Include -DJENNIC_PCB=DEVKIT4 -DJENNIC_PCB_DEVKIT4 -I../../../../sdk/JN-SW-4170/Platform/DK4/Include -I../../../../sdk/JN-SW-4170/Components/Common/Include -DPDM_USER_SUPPLIED_ID -DPDM_NO_RTOS -DPDM_EEPROM -DDBG_ENABLE -I../../AN1229_ZBP_Router/Source -I../../AN1229_ZBP_Router/Source/.. -I../../Common/Source -I../../../../sdk/JN-SW-4170/Components/ZigbeeCommon/Include -I../../../../sdk/JN-SW-4170/Components/AppApi/Include -I../../../../sdk/JN-SW-4170/Components/MAC/Include -I../../../../sdk/JN-SW-4170/Components/MiniMac/Include -I../../../../sdk/JN-SW-4170/Components/MMAC/Include -I../../../../sdk/JN-SW-4170/Components/HardwareAPI/Include -I../../../../sdk/JN-SW-4170/Components/Aes/Include -I../../../../sdk/JN-SW-4170/Components/DBG/Include -I../../../../sdk/JN-SW-4170/Components/Mac/Include -I../../../../sdk/JN-SW-4170/Components/MicroSpecific/Include -I../../../../sdk/JN-SW-4170/Components/MiniMAC/Include -I../../../../sdk/JN-SW-4170/Components/MMAC/Include -I../../../../sdk/JN-SW-4170/Components/TimerServer/Include -I../../../../sdk/JN-SW-4170/Components/Random/Include -I../../../../sdk/JN-SW-4170/Components/ZigbeeCommon/Include -I../../../../sdk/JN-SW-4170/Components/JPT/Include -I../../../../sdk/JN-SW-4170/Components/ZPSMAC_Mini_SOC/Include -I../../../../sdk/JN-SW-4170/Components/PWRM/Include -I../../../../sdk/JN-SW-4170/Components/ZPSTSV/Include -I../../../../sdk/JN-SW-4170/Components/AES_SW/Include -I../../../../sdk/JN-SW-4170/Components/PDUM/Include -I../../../../sdk/JN-SW-4170/Components/ZPSAPL/Include -I../../../../sdk/JN-SW-4170/Components/Random/Include -I../../../../sdk/JN-SW-4170/Components/PDM_EEPROM_NO_RTOS/Include -I../../../../sdk/JN-SW-4170/Components/DBG/Include -I../../../../sdk/JN-SW-4170/Components/ZPSNWK/Include -I../../../../sdk/JN-SW-4170/Components/PDM/Include -I../../../../sdk/JN-SW-4170/Components/ZPSMAC/Include -I../../../../sdk/JN-SW-4170/Components/ZPSNWK/Include -I../../../../sdk/JN-SW-4170/Components/ZigbeeCommon/Include ../../AN1229_ZBP_Router/Source/app_router.c -MMD -MF app_router.d -MP
../../AN1229_ZBP_Router/Source/app_router.c: In function 'SendData':
../../AN1229_ZBP_Router/Source/app_router.c:169:29: warning: unused variable 'eSecurityMode' [-Wunused-variable]
../../AN1229_ZBP_Router/Source/app_router.c:168:18: warning: unused variable 'eStatus' [-Wunused-variable]
../../AN1229_ZBP_Router/Source/app_router.c:147:11: warning: unused variable 'u8TransactionSequenceNumber' [-Wunused-variable]
../../AN1229_ZBP_Router/Source/app_router.c: In function 'bTriggerRouteProbe':
../../AN1229_ZBP_Router/Source/app_router.c:225:41: error: 'ZPS_APL_AF_ACK_REQ' undeclared (first use in this function)
../../AN1229_ZBP_Router/Source/app_router.c:225:41: note: each undeclared identifier is reported only once for each function it appears in
../../AN1229_ZBP_Router/Source/app_router.c:226:41: warning: large integer implicitly truncated to unsigned type [-Woverflow]
../../AN1229_ZBP_Router/Source/app_router.c: In function 'vAttemptRouteRecovery':
../../AN1229_ZBP_Router/Source/app_router.c:1088:36: error: 'ZPS_E_FAIL' undeclared (first use in this function)
make: *** [app_router.o] Error 1
